<?xml version="1.0" encoding="UTF-8"?>
<!-- Generated by org.testng.reporters.JUnitReportReporter -->
<testsuite hostname="DESKTOP-MPP7VFL" failures="0" tests="5" name="com.luma.testcases.LoginTest" time="134.998" errors="0" timestamp="2023-08-25T22:43:16 EET" skipped="4">
  <testcase classname="com.luma.testcases.LoginTest" name="shouldBeAbleToLoginToLumaSuccessfully" time="134.998"/>
  <system-out/>
  <testcase classname="com.luma.testcases.LoginTest" name="shouldNotBeAbleToLoginWithInvalidEmailAndValidPassword">
    <skipped/>
  </testcase> <!-- shouldNotBeAbleToLoginWithInvalidEmailAndValidPassword -->
  <system-out/>
  <testcase classname="com.luma.testcases.LoginTest" name="shouldNotBeAbleToLoginWithInvalidEmailAndInvalidPassword">
    <skipped/>
  </testcase> <!-- shouldNotBeAbleToLoginWithInvalidEmailAndInvalidPassword -->
  <system-out/>
  <testcase classname="com.luma.testcases.LoginTest" name="VerifyTheLoginWhenTheFieldIsBlankAndSubmitButtonIsClicked">
    <skipped/>
  </testcase> <!-- VerifyTheLoginWhenTheFieldIsBlankAndSubmitButtonIsClicked -->
  <system-out/>
  <testcase classname="com.luma.testcases.LoginTest" name="shouldNotBeAbleToLoginWithValidEmailAndInvalidPassword">
    <skipped/>
  </testcase> <!-- shouldNotBeAbleToLoginWithValidEmailAndInvalidPassword -->
  <system-out/>
</testsuite> <!-- com.luma.testcases.LoginTest -->
